0 verbose cli /usr/local/bin/node /usr/local/lib/node_modules/npm/bin/npm-cli.js
1 info using npm@10.9.2
2 info using node@v22.14.0
3 silly config load:file:/usr/local/lib/node_modules/npm/npmrc
4 silly config load:file:/Users/kota/Desktop/PD4/.npmrc
5 silly config load:file:/Users/kota/.npmrc
6 silly config load:file:/usr/local/etc/npmrc
7 verbose title npm exec create-next-app@latest customer --ts --app --tailwind --eslint --no-src-dir --use-npm --yes
8 verbose argv "exec" "--yes" "--" "create-next-app@latest" "customer" "--ts" "--app" "--tailwind" "--eslint" "--no-src-dir" "--use-npm" "--yes"
9 verbose logfile logs-max:10 dir:/Users/kota/Desktop/PD4/.npm-cache/_logs/2025-10-03T07_15_55_935Z-
10 verbose logfile /Users/kota/Desktop/PD4/.npm-cache/_logs/2025-10-03T07_15_55_935Z-debug-0.log
11 silly logfile done cleaning log files
12 silly packumentCache heap:4345298944 maxSize:1086324736 maxEntrySize:543162368
13 http fetch GET 200 https://registry.npmjs.org/create-next-app 364ms (cache revalidated)
14 silly packumentCache heap:4345298944 maxSize:1086324736 maxEntrySize:543162368
15 silly packumentCache heap:4345298944 maxSize:1086324736 maxEntrySize:543162368
16 verbose cwd /Users/kota/Desktop/PD4
17 verbose os Darwin 24.5.0
18 verbose node v22.14.0
19 verbose npm  v10.9.2
20 verbose exit 0
21 info ok
