0 verbose cli /usr/local/bin/node /usr/local/lib/node_modules/npm/bin/npm-cli.js
1 info using npm@10.9.2
2 info using node@v22.14.0
3 silly config load:file:/usr/local/lib/node_modules/npm/npmrc
4 silly config load:file:/Users/kota/Desktop/PD4/.npmrc
5 silly config load:file:/Users/kota/.npmrc
6 silly config load:file:/usr/local/etc/npmrc
7 verbose title npm exec create-next-app@latest admin --ts --app --tailwind --eslint --no-src-dir --use-npm --yes
8 verbose argv "exec" "--yes" "--" "create-next-app@latest" "admin" "--ts" "--app" "--tailwind" "--eslint" "--no-src-dir" "--use-npm" "--yes"
9 verbose logfile logs-max:10 dir:/Users/kota/Desktop/PD4/.npm-cache/_logs/2025-10-03T07_07_12_318Z-
10 verbose logfile /Users/kota/Desktop/PD4/.npm-cache/_logs/2025-10-03T07_07_12_318Z-debug-0.log
11 silly logfile done cleaning log files
12 silly packumentCache heap:4345298944 maxSize:1086324736 maxEntrySize:543162368
13 http fetch GET 200 https://registry.npmjs.org/npm 793ms
14 http fetch GET 200 https://registry.npmjs.org/create-next-app 1231ms (cache miss)
15 silly packumentCache heap:4345298944 maxSize:1086324736 maxEntrySize:543162368
16 silly packumentCache heap:4345298944 maxSize:1086324736 maxEntrySize:543162368
17 silly idealTree buildDeps
18 silly fetch manifest create-next-app@15.5.4
19 silly packumentCache full:https://registry.npmjs.org/create-next-app cache-miss
20 http fetch GET 200 https://registry.npmjs.org/create-next-app 1453ms (cache miss)
21 silly packumentCache full:https://registry.npmjs.org/create-next-app set size:undefined disposed:false
22 silly placeDep ROOT create-next-app@15.5.4 OK for:  want: 15.5.4
23 silly reify moves {}
24 silly audit bulk request { 'create-next-app': [ '15.5.4' ] }
25 http cache create-next-app@https://registry.npmjs.org/create-next-app/-/create-next-app-15.5.4.tgz 0ms (cache hit)
26 silly tarball no local data for create-next-app@https://registry.npmjs.org/create-next-app/-/create-next-app-15.5.4.tgz. Extracting by manifest.
27 http fetch GET 200 https://registry.npmjs.org/create-next-app/-/create-next-app-15.5.4.tgz 233ms (cache miss)
28 http fetch POST 200 https://registry.npmjs.org/-/npm/v1/security/advisories/bulk 305ms
29 silly audit report {}
30 verbose cwd /Users/kota/Desktop/PD4
31 verbose os Darwin 24.5.0
32 verbose node v22.14.0
33 verbose npm  v10.9.2
34 notice
34 notice New [31mmajor[39m version of npm available! [31m10.9.2[39m -> [34m11.6.1[39m
34 notice Changelog: [34mhttps://github.com/npm/cli/releases/tag/v11.6.1[39m
34 notice To update run: [4mnpm install -g npm@11.6.1[24m
34 notice  { force: true, [Symbol(proc-log.meta)]: true }
35 verbose exit 0
36 info ok
